# JRE version: Java(TM) SE Runtime Environment (8.0_92-b14) (build 1.8.0_92-b14)
# Java VM: Java HotSpot(TM) Client VM (25.92-b14 mixed mode windows-x86 )
Heap:
 def new generation   total 39424K, used 3686K [0x05000000, 0x07ac0000, 0x0faa0000)
  eden space 35072K,  10% used [0x05000000, 0x05389380, 0x07240000)
  from space 4352K,   1% used [0x07240000, 0x07250618, 0x07680000)
  to   space 4352K,   0% used [0x07680000, 0x07680000, 0x07ac0000)
 tenured generation   total 87424K, used 55892K [0x0faa0000, 0x15000000, 0x25000000)
   the space 87424K,  63% used [0x0faa0000, 0x131352b8, 0x13135400, 0x15000000)
 Metaspace       used 19239K, capacity 19732K, committed 19840K, reserved 19840K
GC Heap History (10 events):
Event: 2849.681 GC heap before
{Heap before GC invocations=359 (full 1):
 def new generation   total 39424K, used 35138K [0x05000000, 0x07ac0000, 0x0faa0000)
  eden space 35072K, 100% used [0x05000000, 0x07240000, 0x07240000)
  from space 4352K,   1% used [0x07680000, 0x07690b48, 0x07ac0000)
  to   space 4352K,   0% used [0x07240000, 0x07240000, 0x07680000)
 tenured generation   total 87424K, used 55869K [0x0faa0000, 0x15000000, 0x25000000)
   the space 87424K,  63% used [0x0faa0000, 0x1312f6b8, 0x1312f800, 0x15000000)
 Metaspace       used 19239K, capacity 19732K, committed 19840K, reserved 19840K
Event: 2849.683 GC heap after
Heap after GC invocations=360 (full 1):
 def new generation   total 39424K, used 70K [0x05000000, 0x07ac0000, 0x0faa0000)
  eden space 35072K,   0% used [0x05000000, 0x05000000, 0x07240000)
  from space 4352K,   1% used [0x07240000, 0x07251a80, 0x07680000)
  to   space 4352K,   0% used [0x07680000, 0x07680000, 0x07ac0000)
 tenured generation   total 87424K, used 55879K [0x0faa0000, 0x15000000, 0x25000000)
   the space 87424K,  63% used [0x0faa0000, 0x13131d20, 0x13131e00, 0x15000000)
 Metaspace       used 19239K, capacity 19732K, committed 19840K, reserved 19840K
}
Event: 2853.041 GC heap before
{Heap before GC invocations=360 (full 1):
 def new generation   total 39424K, used 35142K [0x05000000, 0x07ac0000, 0x0faa0000)
  eden space 35072K, 100% used [0x05000000, 0x07240000, 0x07240000)
  from space 4352K,   1% used [0x07240000, 0x07251a80, 0x07680000)
  to   space 4352K,   0% used [0x07680000, 0x07680000, 0x07ac0000)
 tenured generation   total 87424K, used 55879K [0x0faa0000, 0x15000000, 0x25000000)
   the space 87424K,  63% used [0x0faa0000, 0x13131d20, 0x13131e00, 0x15000000)
 Metaspace       used 19239K, capacity 19732K, committed 19840K, reserved 19840K
Event: 2853.042 GC heap after
Heap after GC invocations=361 (full 1):
 def new generation   total 39424K, used 70K [0x05000000, 0x07ac0000, 0x0faa0000)
  eden space 35072K,   0% used [0x05000000, 0x05000000, 0x07240000)
  from space 4352K,   1% used [0x07680000, 0x07691b50, 0x07ac0000)
  to   space 4352K,   0% used [0x07240000, 0x07240000, 0x07680000)
 tenured generation   total 87424K, used 55885K [0x0faa0000, 0x15000000, 0x25000000)
   the space 87424K,  63% used [0x0faa0000, 0x13133540, 0x13133600, 0x15000000)
 Metaspace       used 19239K, capacity 19732K, committed 19840K, reserved 19840K
}
Event: 2856.213 GC heap before
{Heap before GC invocations=361 (full 1):
 def new generation   total 39424K, used 35142K [0x05000000, 0x07ac0000, 0x0faa0000)
  eden space 35072K, 100% used [0x05000000, 0x07240000, 0x07240000)
  from space 4352K,   1% used [0x07680000, 0x07691b50, 0x07ac0000)
  to   space 4352K,   0% used [0x07240000, 0x07240000, 0x07680000)
 tenured generation   total 87424K, used 55885K [0x0faa0000, 0x15000000, 0x25000000)
   the space 87424K,  63% used [0x0faa0000, 0x13133540, 0x13133600, 0x15000000)
 Metaspace       used 19239K, capacity 19732K, committed 19840K, reserved 19840K
Event: 2856.215 GC heap after
Heap after GC invocations=362 (full 1):
 def new generation   total 39424K, used 70K [0x05000000, 0x07ac0000, 0x0faa0000)
  eden space 35072K,   0% used [0x05000000, 0x05000000, 0x07240000)
  from space 4352K,   1% used [0x07240000, 0x07251af8, 0x07680000)
  to   space 4352K,   0% used [0x07680000, 0x07680000, 0x07ac0000)
 tenured generation   total 87424K, used 55885K [0x0faa0000, 0x15000000, 0x25000000)
   the space 87424K,  63% used [0x0faa0000, 0x13133540, 0x13133600, 0x15000000)
 Metaspace       used 19239K, capacity 19732K, committed 19840K, reserved 19840K
}
Event: 2859.530 GC heap before
{Heap before GC invocations=362 (full 1):
 def new generation   total 39424K, used 35142K [0x05000000, 0x07ac0000, 0x0faa0000)
  eden space 35072K, 100% used [0x05000000, 0x07240000, 0x07240000)
  from space 4352K,   1% used [0x07240000, 0x07251af8, 0x07680000)
  to   space 4352K,   0% used [0x07680000, 0x07680000, 0x07ac0000)
 tenured generation   total 87424K, used 55885K [0x0faa0000, 0x15000000, 0x25000000)
   the space 87424K,  63% used [0x0faa0000, 0x13133540, 0x13133600, 0x15000000)
 Metaspace       used 19239K, capacity 19732K, committed 19840K, reserved 19840K
Event: 2859.532 GC heap after
Heap after GC invocations=363 (full 1):
 def new generation   total 39424K, used 70K [0x05000000, 0x07ac0000, 0x0faa0000)
  eden space 35072K,   0% used [0x05000000, 0x05000000, 0x07240000)
  from space 4352K,   1% used [0x07680000, 0x07691b00, 0x07ac0000)
  to   space 4352K,   0% used [0x07240000, 0x07240000, 0x07680000)
 tenured generation   total 87424K, used 55885K [0x0faa0000, 0x15000000, 0x25000000)
   the space 87424K,  63% used [0x0faa0000, 0x13133540, 0x13133600, 0x15000000)
 Metaspace       used 19239K, capacity 19732K, committed 19840K, reserved 19840K
}
Event: 2862.696 GC heap before
{Heap before GC invocations=363 (full 1):
 def new generation   total 39424K, used 35142K [0x05000000, 0x07ac0000, 0x0faa0000)
  eden space 35072K, 100% used [0x05000000, 0x07240000, 0x07240000)
  from space 4352K,   1% used [0x07680000, 0x07691b00, 0x07ac0000)
  to   space 4352K,   0% used [0x07240000, 0x07240000, 0x07680000)
 tenured generation   total 87424K, used 55885K [0x0faa0000, 0x15000000, 0x25000000)
   the space 87424K,  63% used [0x0faa0000, 0x13133540, 0x13133600, 0x15000000)
 Metaspace       used 19239K, capacity 19732K, committed 19840K, reserved 19840K
Event: 2862.697 GC heap after
Heap after GC invocations=364 (full 1):
 def new generation   total 39424K, used 65K [0x05000000, 0x07ac0000, 0x0faa0000)
  eden space 35072K,   0% used [0x05000000, 0x05000000, 0x07240000)
  from space 4352K,   1% used [0x07240000, 0x07250618, 0x07680000)
  to   space 4352K,   0% used [0x07680000, 0x07680000, 0x07ac0000)
 tenured generation   total 87424K, used 55892K [0x0faa0000, 0x15000000, 0x25000000)
   the space 87424K,  63% used [0x0faa0000, 0x131352b8, 0x13135400, 0x15000000)
 Metaspace       used 19239K, capacity 19732K, committed 19840K, reserved 19840K
}

